
*** Running vivado
    with args -log Task_2.vdi -applog -m64 -product Vivado -messageDb vivado.pb -mode batch -source Task_2.tcl -notrace



****** Vivado v2020.1 (64-bit)
  **** SW Build 2902540 on Wed May 27 19:54:49 MDT 2020
  **** IP Build 2902112 on Wed May 27 22:43:36 MDT 2020
    ** Copyright 1986-2020 Xilinx, Inc. All Rights Reserved.

source Task_2.tcl -notrace
Command: link_design -top Task_2 -part xc7a35tcpg236-1
Design is defaulting to srcset: sources_1
Design is defaulting to constrset: constrs_1
INFO: [Device 21-403] Loading part xc7a35tcpg236-1
Netlist sorting complete. Time (s): cpu = 00:00:00 ; elapsed = 00:00:00.002 . Memory (MB): peak = 1029.535 ; gain = 0.000
INFO: [Netlist 29-17] Analyzing 24 Unisim elements for replacement
INFO: [Netlist 29-28] Unisim Transformation completed in 0 CPU seconds
INFO: [Project 1-479] Netlist was created with Vivado 2020.1
INFO: [Project 1-570] Preparing netlist for logic optimization
Parsing XDC File [D:/Hardware logic Design Analysis/Prac 3/Task_2.xdc]
Finished Parsing XDC File [D:/Hardware logic Design Analysis/Prac 3/Task_2.xdc]
Parsing XDC File [D:/Hardware logic Design Analysis/Prac 3/Task_3.xdc]
WARNING: [Vivado 12-584] No ports matched 'buttonIn'. [D:/Hardware logic Design Analysis/Prac 3/Task_3.xdc:114]
CRITICAL WARNING: [Common 17-55] 'set_property' expects at least one object. [D:/Hardware logic Design Analysis/Prac 3/Task_3.xdc:114]
Resolution: If [get_<value>] was used to populate the object, check to make sure this command returns at least one valid object.
WARNING: [Vivado 12-584] No ports matched 'buttonIn'. [D:/Hardware logic Design Analysis/Prac 3/Task_3.xdc:115]
CRITICAL WARNING: [Common 17-55] 'set_property' expects at least one object. [D:/Hardware logic Design Analysis/Prac 3/Task_3.xdc:115]
Resolution: If [get_<value>] was used to populate the object, check to make sure this command returns at least one valid object.
WARNING: [Vivado 12-584] No ports matched 'buttonOut'. [D:/Hardware logic Design Analysis/Prac 3/Task_3.xdc:120]
CRITICAL WARNING: [Common 17-55] 'set_property' expects at least one object. [D:/Hardware logic Design Analysis/Prac 3/Task_3.xdc:120]
Resolution: If [get_<value>] was used to populate the object, check to make sure this command returns at least one valid object.
WARNING: [Vivado 12-584] No ports matched 'buttonOut'. [D:/Hardware logic Design Analysis/Prac 3/Task_3.xdc:121]
CRITICAL WARNING: [Common 17-55] 'set_property' expects at least one object. [D:/Hardware logic Design Analysis/Prac 3/Task_3.xdc:121]
Resolution: If [get_<value>] was used to populate the object, check to make sure this command returns at least one valid object.
Finished Parsing XDC File [D:/Hardware logic Design Analysis/Prac 3/Task_3.xdc]
INFO: [Opt 31-138] Pushed 0 inverter(s) to 0 load pin(s).
Netlist sorting complete. Time (s): cpu = 00:00:00 ; elapsed = 00:00:00 . Memory (MB): peak = 1029.535 ; gain = 0.000
INFO: [Project 1-111] Unisim Transformation Summary:
No Unisim elements were transformed.

7 Infos, 4 Warnings, 4 Critical Warnings and 0 Errors encountered.
link_design completed successfully
link_design: Time (s): cpu = 00:00:05 ; elapsed = 00:00:11 . Memory (MB): peak = 1029.535 ; gain = 0.000
Command: opt_design
Attempting to get a license for feature 'Implementation' and/or device 'xc7a35t'
INFO: [Common 17-349] Got license for feature 'Implementation' and/or device 'xc7a35t'
Running DRC as a precondition to command opt_design

Starting DRC Task
INFO: [DRC 23-27] Running DRC with 2 threads
INFO: [Project 1-461] DRC finished with 0 Errors
INFO: [Project 1-462] Please refer to the DRC report (report_drc) for more information.

Time (s): cpu = 00:00:02 ; elapsed = 00:00:00.836 . Memory (MB): peak = 1029.535 ; gain = 0.000

Starting Cache Timing Information Task
INFO: [Timing 38-35] Done setting XDC timing constraints.
Ending Cache Timing Information Task | Checksum: 13f7687cf

Time (s): cpu = 00:00:07 ; elapsed = 00:00:08 . Memory (MB): peak = 1308.359 ; gain = 278.824

Starting Logic Optimization Task

Phase 1 Retarget
INFO: [Opt 31-138] Pushed 0 inverter(s) to 0 load pin(s).
INFO: [Opt 31-49] Retargeted 0 cell(s).
Phase 1 Retarget | Checksum: 13f7687cf

Time (s): cpu = 00:00:00 ; elapsed = 00:00:00.012 . Memory (MB): peak = 1512.680 ; gain = 0.000
INFO: [Opt 31-389] Phase Retarget created 0 cells and removed 0 cells

Phase 2 Constant propagation
INFO: [Opt 31-138] Pushed 0 inverter(s) to 0 load pin(s).
Phase 2 Constant propagation | Checksum: 13f7687cf

Time (s): cpu = 00:00:00 ; elapsed = 00:00:00.014 . Memory (MB): peak = 1512.680 ; gain = 0.000
INFO: [Opt 31-389] Phase Constant propagation created 0 cells and removed 0 cells

Phase 3 Sweep
Phase 3 Sweep | Checksum: fa0cd9fa

Time (s): cpu = 00:00:00 ; elapsed = 00:00:00.021 . Memory (MB): peak = 1512.680 ; gain = 0.000
INFO: [Opt 31-389] Phase Sweep created 0 cells and removed 0 cells

Phase 4 BUFG optimization
Phase 4 BUFG optimization | Checksum: fa0cd9fa

Time (s): cpu = 00:00:00 ; elapsed = 00:00:00.027 . Memory (MB): peak = 1512.680 ; gain = 0.000
INFO: [Opt 31-662] Phase BUFG optimization created 0 cells of which 0 are BUFGs and removed 0 cells.

Phase 5 Shift Register Optimization
INFO: [Opt 31-1064] SRL Remap converted 0 SRLs to 0 registers and converted 0 registers of register chains to 0 SRLs
Phase 5 Shift Register Optimization | Checksum: fa0cd9fa

Time (s): cpu = 00:00:00 ; elapsed = 00:00:00.029 . Memory (MB): peak = 1512.680 ; gain = 0.000
INFO: [Opt 31-389] Phase Shift Register Optimization created 0 cells and removed 0 cells

Phase 6 Post Processing Netlist
Phase 6 Post Processing Netlist | Checksum: fa0cd9fa

Time (s): cpu = 00:00:00 ; elapsed = 00:00:00.030 . Memory (MB): peak = 1512.680 ; gain = 0.000
INFO: [Opt 31-389] Phase Post Processing Netlist created 0 cells and removed 0 cells
Opt_design Change Summary
=========================


-------------------------------------------------------------------------------------------------------------------------
|  Phase                        |  #Cells created  |  #Cells Removed  |  #Constrained objects preventing optimizations  |
-------------------------------------------------------------------------------------------------------------------------
|  Retarget                     |               0  |               0  |                                              0  |
|  Constant propagation         |               0  |               0  |                                              0  |
|  Sweep                        |               0  |               0  |                                              0  |
|  BUFG optimization            |               0  |               0  |                                              0  |
|  Shift Register Optimization  |               0  |               0  |                                              0  |
|  Post Processing Netlist      |               0  |               0  |                                              0  |
-------------------------------------------------------------------------------------------------------------------------



Starting Connectivity Check Task

Time (s): cpu = 00:00:00 ; elapsed = 00:00:00.001 . Memory (MB): peak = 1512.680 ; gain = 0.000
Ending Logic Optimization Task | Checksum: 139e9a559

Time (s): cpu = 00:00:00 ; elapsed = 00:00:00.045 . Memory (MB): peak = 1512.680 ; gain = 0.000

Starting Power Optimization Task
INFO: [Pwropt 34-132] Skipping clock gating for clocks with a period < 2.00 ns.
Ending Power Optimization Task | Checksum: 139e9a559

Time (s): cpu = 00:00:00 ; elapsed = 00:00:00.026 . Memory (MB): peak = 1512.680 ; gain = 0.000

Starting Final Cleanup Task
Ending Final Cleanup Task | Checksum: 139e9a559

Time (s): cpu = 00:00:00 ; elapsed = 00:00:00 . Memory (MB): peak = 1512.680 ; gain = 0.000

Starting Netlist Obfuscation Task
Netlist sorting complete. Time (s): cpu = 00:00:00 ; elapsed = 00:00:00 . Memory (MB): peak = 1512.680 ; gain = 0.000
Ending Netlist Obfuscation Task | Checksum: 139e9a559

Time (s): cpu = 00:00:00 ; elapsed = 00:00:00 . Memory (MB): peak = 1512.680 ; gain = 0.000
INFO: [Common 17-83] Releasing license: Implementation
24 Infos, 4 Warnings, 4 Critical Warnings and 0 Errors encountered.
opt_design completed successfully
opt_design: Time (s): cpu = 00:00:11 ; elapsed = 00:00:11 . Memory (MB): peak = 1512.680 ; gain = 483.145
INFO: [Timing 38-480] Writing timing data to binary archive.
Writing placer database...
Writing XDEF routing.
Writing XDEF routing logical nets.
Writing XDEF routing special nets.
Write XDEF Complete: Time (s): cpu = 00:00:00 ; elapsed = 00:00:00.036 . Memory (MB): peak = 1512.680 ; gain = 0.000
INFO: [Common 17-1381] The checkpoint 'D:/Hardware logic Design Analysis/Prac 3/Prac 3/Prac 3.runs/impl_1/Task_2_opt.dcp' has been generated.
INFO: [runtcl-4] Executing : report_drc -file Task_2_drc_opted.rpt -pb Task_2_drc_opted.pb -rpx Task_2_drc_opted.rpx
Command: report_drc -file Task_2_drc_opted.rpt -pb Task_2_drc_opted.pb -rpx Task_2_drc_opted.rpx
INFO: [IP_Flow 19-234] Refreshing IP repositories
INFO: [IP_Flow 19-1704] No user IP repositories specified
INFO: [IP_Flow 19-2313] Loaded Vivado IP repository 'D:/Vivado/2020.1/data/ip'.
INFO: [DRC 23-27] Running DRC with 2 threads
INFO: [Coretcl 2-168] The results of DRC are in file D:/Hardware logic Design Analysis/Prac 3/Prac 3/Prac 3.runs/impl_1/Task_2_drc_opted.rpt.
report_drc completed successfully
Command: place_design
Attempting to get a license for feature 'Implementation' and/or device 'xc7a35t'
INFO: [Common 17-349] Got license for feature 'Implementation' and/or device 'xc7a35t'
INFO: [DRC 23-27] Running DRC with 2 threads
INFO: [Vivado_Tcl 4-198] DRC finished with 0 Errors
INFO: [Vivado_Tcl 4-199] Please refer to the DRC report (report_drc) for more information.
Running DRC as a precondition to command place_design
INFO: [DRC 23-27] Running DRC with 2 threads
INFO: [Vivado_Tcl 4-198] DRC finished with 0 Errors
INFO: [Vivado_Tcl 4-199] Please refer to the DRC report (report_drc) for more information.

Starting Placer Task
INFO: [Place 30-611] Multithreading enabled for place_design using a maximum of 2 CPUs

Phase 1 Placer Initialization

Phase 1.1 Placer Initialization Netlist Sorting
Netlist sorting complete. Time (s): cpu = 00:00:00 ; elapsed = 00:00:00 . Memory (MB): peak = 1512.680 ; gain = 0.000
Phase 1.1 Placer Initialization Netlist Sorting | Checksum: 117f09ea7

Time (s): cpu = 00:00:00 ; elapsed = 00:00:00.005 . Memory (MB): peak = 1512.680 ; gain = 0.000
Netlist sorting complete. Time (s): cpu = 00:00:00 ; elapsed = 00:00:00 . Memory (MB): peak = 1512.680 ; gain = 0.000

Phase 1.2 IO Placement/ Clock Placement/ Build Placer Device
INFO: [Timing 38-35] Done setting XDC timing constraints.
Phase 1.2 IO Placement/ Clock Placement/ Build Placer Device | Checksum: 12c9994bd

Time (s): cpu = 00:00:01 ; elapsed = 00:00:00.481 . Memory (MB): peak = 1512.680 ; gain = 0.000

Phase 1.3 Build Placer Netlist Model
Phase 1.3 Build Placer Netlist Model | Checksum: 143daa2c8

Time (s): cpu = 00:00:01 ; elapsed = 00:00:00.554 . Memory (MB): peak = 1512.680 ; gain = 0.000

Phase 1.4 Constrain Clocks/Macros
Phase 1.4 Constrain Clocks/Macros | Checksum: 143daa2c8

Time (s): cpu = 00:00:01 ; elapsed = 00:00:00.555 . Memory (MB): peak = 1512.680 ; gain = 0.000
Phase 1 Placer Initialization | Checksum: 143daa2c8

Time (s): cpu = 00:00:01 ; elapsed = 00:00:00.557 . Memory (MB): peak = 1512.680 ; gain = 0.000

Phase 2 Global Placement

Phase 2.1 Floorplanning
Phase 2.1 Floorplanning | Checksum: 197979cf8

Time (s): cpu = 00:00:01 ; elapsed = 00:00:00.606 . Memory (MB): peak = 1512.680 ; gain = 0.000

Phase 2.2 Global Placement Core

Phase 2.2.1 Physical Synthesis In Placer
INFO: [Physopt 32-1044] Break lutnm for timing: one critical 0, two critical 0, total 0, new lutff created 0
INFO: [Physopt 32-775] End 1 Pass. Optimized 0 net or cell. Created 0 new cell, deleted 0 existing cell and moved 0 existing cell
INFO: [Physopt 32-65] No nets found for high-fanout optimization.
INFO: [Physopt 32-232] Optimized 0 net. Created 0 new instance.
INFO: [Physopt 32-775] End 1 Pass. Optimized 0 net or cell. Created 0 new cell, deleted 0 existing cell and moved 0 existing cell
INFO: [Physopt 32-670] No setup violation found.  DSP Register Optimization was not performed.
INFO: [Physopt 32-670] No setup violation found.  Shift Register to Pipeline Optimization was not performed.
INFO: [Physopt 32-670] No setup violation found.  Shift Register Optimization was not performed.
INFO: [Physopt 32-670] No setup violation found.  BRAM Register Optimization was not performed.
INFO: [Physopt 32-670] No setup violation found.  URAM Register Optimization was not performed.
INFO: [Physopt 32-949] No candidate nets found for HD net replication
INFO: [Physopt 32-775] End 1 Pass. Optimized 0 net or cell. Created 0 new cell, deleted 0 existing cell and moved 0 existing cell
Netlist sorting complete. Time (s): cpu = 00:00:00 ; elapsed = 00:00:00 . Memory (MB): peak = 1512.680 ; gain = 0.000

Summary of Physical Synthesis Optimizations
============================================


-----------------------------------------------------------------------------------------------------------------------------------------------------------
|  Optimization                                     |  Added Cells  |  Removed Cells  |  Optimized Cells/Nets  |  Dont Touch  |  Iterations  |  Elapsed   |
-----------------------------------------------------------------------------------------------------------------------------------------------------------
|  LUT Combining                                    |            0  |              0  |                     0  |           0  |           1  |  00:00:00  |
|  Very High Fanout                                 |            0  |              0  |                     0  |           0  |           1  |  00:00:00  |
|  DSP Register                                     |            0  |              0  |                     0  |           0  |           0  |  00:00:00  |
|  Shift Register to Pipeline                       |            0  |              0  |                     0  |           0  |           0  |  00:00:00  |
|  Shift Register                                   |            0  |              0  |                     0  |           0  |           0  |  00:00:00  |
|  BRAM Register                                    |            0  |              0  |                     0  |           0  |           0  |  00:00:00  |
|  URAM Register                                    |            0  |              0  |                     0  |           0  |           0  |  00:00:00  |
|  Dynamic/Static Region Interface Net Replication  |            0  |              0  |                     0  |           0  |           1  |  00:00:00  |
|  Total                                            |            0  |              0  |                     0  |           0  |           3  |  00:00:00  |
-----------------------------------------------------------------------------------------------------------------------------------------------------------


Phase 2.2.1 Physical Synthesis In Placer | Checksum: 21a6cff7c

Time (s): cpu = 00:00:02 ; elapsed = 00:00:00.984 . Memory (MB): peak = 1512.680 ; gain = 0.000
Phase 2.2 Global Placement Core | Checksum: 20e3ab413

Time (s): cpu = 00:00:02 ; elapsed = 00:00:01 . Memory (MB): peak = 1512.680 ; gain = 0.000
Phase 2 Global Placement | Checksum: 20e3ab413

Time (s): cpu = 00:00:02 ; elapsed = 00:00:01 . Memory (MB): peak = 1512.680 ; gain = 0.000

Phase 3 Detail Placement

Phase 3.1 Commit Multi Column Macros
Phase 3.1 Commit Multi Column Macros | Checksum: 1bc2a3e0a

Time (s): cpu = 00:00:02 ; elapsed = 00:00:01 . Memory (MB): peak = 1512.680 ; gain = 0.000

Phase 3.2 Commit Most Macros & LUTRAMs
Phase 3.2 Commit Most Macros & LUTRAMs | Checksum: 1de2b250e

Time (s): cpu = 00:00:02 ; elapsed = 00:00:01 . Memory (MB): peak = 1512.680 ; gain = 0.000

Phase 3.3 Area Swap Optimization
Phase 3.3 Area Swap Optimization | Checksum: 28d766cb6

Time (s): cpu = 00:00:02 ; elapsed = 00:00:01 . Memory (MB): peak = 1512.680 ; gain = 0.000

Phase 3.4 Pipeline Register Optimization
Phase 3.4 Pipeline Register Optimization | Checksum: 28d766cb6

Time (s): cpu = 00:00:02 ; elapsed = 00:00:01 . Memory (MB): peak = 1512.680 ; gain = 0.000

Phase 3.5 Small Shape Detail Placement
Phase 3.5 Small Shape Detail Placement | Checksum: e4a4a547

Time (s): cpu = 00:00:02 ; elapsed = 00:00:01 . Memory (MB): peak = 1512.680 ; gain = 0.000

Phase 3.6 Re-assign LUT pins
Phase 3.6 Re-assign LUT pins | Checksum: 17f8724e4

Time (s): cpu = 00:00:02 ; elapsed = 00:00:01 . Memory (MB): peak = 1512.680 ; gain = 0.000

Phase 3.7 Pipeline Register Optimization
Phase 3.7 Pipeline Register Optimization | Checksum: 17f8724e4

Time (s): cpu = 00:00:02 ; elapsed = 00:00:01 . Memory (MB): peak = 1512.680 ; gain = 0.000
Phase 3 Detail Placement | Checksum: 17f8724e4

Time (s): cpu = 00:00:02 ; elapsed = 00:00:01 . Memory (MB): peak = 1512.680 ; gain = 0.000

Phase 4 Post Placement Optimization and Clean-Up

Phase 4.1 Post Commit Optimization
INFO: [Timing 38-35] Done setting XDC timing constraints.

Phase 4.1.1 Post Placement Optimization
Post Placement Optimization Initialization | Checksum: ea66a579

Phase 4.1.1.1 BUFG Insertion

Starting Physical Synthesis Task

Phase 1 Physical Synthesis Initialization
INFO: [Physopt 32-721] Multithreading enabled for phys_opt_design using a maximum of 2 CPUs
INFO: [Physopt 32-619] Estimated Timing Summary | WNS=5.751 | TNS=0.000 |
Phase 1 Physical Synthesis Initialization | Checksum: 6f2fc002

Time (s): cpu = 00:00:00 ; elapsed = 00:00:00.011 . Memory (MB): peak = 1520.109 ; gain = 0.000
INFO: [Place 46-56] BUFG insertion identified 0 candidate nets. Inserted BUFG: 0, Replicated BUFG Driver: 0, Skipped due to Placement/Routing Conflicts: 0, Skipped due to Timing Degradation: 0, Skipped due to Illegal Netlist: 0.
Ending Physical Synthesis Task | Checksum: f3150405

Time (s): cpu = 00:00:00 ; elapsed = 00:00:00.012 . Memory (MB): peak = 1520.109 ; gain = 0.000
Phase 4.1.1.1 BUFG Insertion | Checksum: ea66a579

Time (s): cpu = 00:00:02 ; elapsed = 00:00:01 . Memory (MB): peak = 1520.109 ; gain = 7.430
INFO: [Place 30-746] Post Placement Timing Summary WNS=5.751. For the most accurate timing information please run report_timing.
Phase 4.1.1 Post Placement Optimization | Checksum: 102b0cc05

Time (s): cpu = 00:00:02 ; elapsed = 00:00:01 . Memory (MB): peak = 1520.109 ; gain = 7.430
Phase 4.1 Post Commit Optimization | Checksum: 102b0cc05

Time (s): cpu = 00:00:02 ; elapsed = 00:00:01 . Memory (MB): peak = 1520.109 ; gain = 7.430

Phase 4.2 Post Placement Cleanup
Phase 4.2 Post Placement Cleanup | Checksum: 102b0cc05

Time (s): cpu = 00:00:02 ; elapsed = 00:00:01 . Memory (MB): peak = 1520.109 ; gain = 7.430

Phase 4.3 Placer Reporting
Phase 4.3 Placer Reporting | Checksum: 102b0cc05

Time (s): cpu = 00:00:02 ; elapsed = 00:00:01 . Memory (MB): peak = 1520.109 ; gain = 7.430

Phase 4.4 Final Placement Cleanup
Netlist sorting complete. Time (s): cpu = 00:00:00 ; elapsed = 00:00:00 . Memory (MB): peak = 1520.109 ; gain = 0.000
Phase 4.4 Final Placement Cleanup | Checksum: 17ec4a54a

Time (s): cpu = 00:00:02 ; elapsed = 00:00:01 . Memory (MB): peak = 1520.109 ; gain = 7.430
Phase 4 Post Placement Optimization and Clean-Up | Checksum: 17ec4a54a

Time (s): cpu = 00:00:02 ; elapsed = 00:00:01 . Memory (MB): peak = 1520.109 ; gain = 7.430
Ending Placer Task | Checksum: 14d2fd698

Time (s): cpu = 00:00:02 ; elapsed = 00:00:01 . Memory (MB): peak = 1520.109 ; gain = 7.430
INFO: [Common 17-83] Releasing license: Implementation
59 Infos, 4 Warnings, 4 Critical Warnings and 0 Errors encountered.
place_design completed successfully
INFO: [Timing 38-480] Writing timing data to binary archive.
Writing placer database...
Writing XDEF routing.
Writing XDEF routing logical nets.
Writing XDEF routing special nets.
Write XDEF Complete: Time (s): cpu = 00:00:01 ; elapsed = 00:00:00.063 . Memory (MB): peak = 1520.109 ; gain = 0.000
INFO: [Common 17-1381] The checkpoint 'D:/Hardware logic Design Analysis/Prac 3/Prac 3/Prac 3.runs/impl_1/Task_2_placed.dcp' has been generated.
INFO: [runtcl-4] Executing : report_io -file Task_2_io_placed.rpt
report_io: Time (s): cpu = 00:00:00 ; elapsed = 00:00:00.037 . Memory (MB): peak = 1520.109 ; gain = 0.000
INFO: [runtcl-4] Executing : report_utilization -file Task_2_utilization_placed.rpt -pb Task_2_utilization_placed.pb
INFO: [runtcl-4] Executing : report_control_sets -verbose -file Task_2_control_sets_placed.rpt
report_control_sets: Time (s): cpu = 00:00:00 ; elapsed = 00:00:00.005 . Memory (MB): peak = 1520.109 ; gain = 0.000
Command: phys_opt_design
Attempting to get a license for feature 'Implementation' and/or device 'xc7a35t'
INFO: [Common 17-349] Got license for feature 'Implementation' and/or device 'xc7a35t'
INFO: [Vivado_Tcl 4-383] Design worst setup slack (WNS) is greater than or equal to 0.000 ns. Skipping all physical synthesis optimizations.
INFO: [Vivado_Tcl 4-232] No setup violation found. The netlist was not modified.
INFO: [Common 17-83] Releasing license: Implementation
68 Infos, 4 Warnings, 4 Critical Warnings and 0 Errors encountered.
phys_opt_design completed successfully
INFO: [Timing 38-480] Writing timing data to binary archive.
Writing placer database...
Writing XDEF routing.
Writing XDEF routing logical nets.
Writing XDEF routing special nets.
Write XDEF Complete: Time (s): cpu = 00:00:00 ; elapsed = 00:00:00.044 . Memory (MB): peak = 1550.445 ; gain = 17.875
INFO: [Common 17-1381] The checkpoint 'D:/Hardware logic Design Analysis/Prac 3/Prac 3/Prac 3.runs/impl_1/Task_2_physopt.dcp' has been generated.
Command: route_design
Attempting to get a license for feature 'Implementation' and/or device 'xc7a35t'
INFO: [Common 17-349] Got license for feature 'Implementation' and/or device 'xc7a35t'
Running DRC as a precondition to command route_design
INFO: [DRC 23-27] Running DRC with 2 threads
INFO: [Vivado_Tcl 4-198] DRC finished with 0 Errors
INFO: [Vivado_Tcl 4-199] Please refer to the DRC report (report_drc) for more information.


Starting Routing Task
INFO: [Route 35-254] Multithreading enabled for route_design using a maximum of 2 CPUs
Checksum: PlaceDB: 9d2fec29 ConstDB: 0 ShapeSum: afffea6f RouteDB: 0

Phase 1 Build RT Design
Phase 1 Build RT Design | Checksum: ea4ce410

Time (s): cpu = 00:00:17 ; elapsed = 00:00:15 . Memory (MB): peak = 1640.043 ; gain = 80.582
Post Restoration Checksum: NetGraph: 95f33ffc NumContArr: 5459a414 Constraints: 0 Timing: 0

Phase 2 Router Initialization

Phase 2.1 Create Timer
Phase 2.1 Create Timer | Checksum: ea4ce410

Time (s): cpu = 00:00:17 ; elapsed = 00:00:15 . Memory (MB): peak = 1640.043 ; gain = 80.582

Phase 2.2 Fix Topology Constraints
Phase 2.2 Fix Topology Constraints | Checksum: ea4ce410

Time (s): cpu = 00:00:17 ; elapsed = 00:00:15 . Memory (MB): peak = 1646.023 ; gain = 86.563

Phase 2.3 Pre Route Cleanup
Phase 2.3 Pre Route Cleanup | Checksum: ea4ce410

Time (s): cpu = 00:00:17 ; elapsed = 00:00:15 . Memory (MB): peak = 1646.023 ; gain = 86.563
 Number of Nodes with overlaps = 0

Phase 2.4 Update Timing
Phase 2.4 Update Timing | Checksum: 1a97a7d85

Time (s): cpu = 00:00:17 ; elapsed = 00:00:15 . Memory (MB): peak = 1652.773 ; gain = 93.313
INFO: [Route 35-416] Intermediate Timing Summary | WNS=5.741  | TNS=0.000  | WHS=-0.141 | THS=-0.461 |

Phase 2 Router Initialization | Checksum: 1e4fa7e5c

Time (s): cpu = 00:00:17 ; elapsed = 00:00:15 . Memory (MB): peak = 1652.773 ; gain = 93.313

Router Utilization Summary
  Global Vertical Routing Utilization    = 0 %
  Global Horizontal Routing Utilization  = 0 %
  Routable Net Status*
  *Does not include unroutable nets such as driverless and loadless.
  Run report_route_status for detailed report.
  Number of Failed Nets               = 171
    (Failed Nets is the sum of unrouted and partially routed nets)
  Number of Unrouted Nets             = 171
  Number of Partially Routed Nets     = 0
  Number of Node Overlaps             = 0


Phase 3 Initial Routing
Phase 3 Initial Routing | Checksum: 1c5cc323e

Time (s): cpu = 00:00:17 ; elapsed = 00:00:15 . Memory (MB): peak = 1652.773 ; gain = 93.313

Phase 4 Rip-up And Reroute

Phase 4.1 Global Iteration 0
 Number of Nodes with overlaps = 3
 Number of Nodes with overlaps = 0
INFO: [Route 35-416] Intermediate Timing Summary | WNS=5.375  | TNS=0.000  | WHS=N/A    | THS=N/A    |

Phase 4.1 Global Iteration 0 | Checksum: 17e810bd2

Time (s): cpu = 00:00:17 ; elapsed = 00:00:15 . Memory (MB): peak = 1652.773 ; gain = 93.313
Phase 4 Rip-up And Reroute | Checksum: 17e810bd2

Time (s): cpu = 00:00:17 ; elapsed = 00:00:15 . Memory (MB): peak = 1652.773 ; gain = 93.313

Phase 5 Delay and Skew Optimization

Phase 5.1 Delay CleanUp
Phase 5.1 Delay CleanUp | Checksum: 17e810bd2

Time (s): cpu = 00:00:17 ; elapsed = 00:00:15 . Memory (MB): peak = 1652.773 ; gain = 93.313

Phase 5.2 Clock Skew Optimization
Phase 5.2 Clock Skew Optimization | Checksum: 17e810bd2

Time (s): cpu = 00:00:17 ; elapsed = 00:00:15 . Memory (MB): peak = 1652.773 ; gain = 93.313
Phase 5 Delay and Skew Optimization | Checksum: 17e810bd2

Time (s): cpu = 00:00:17 ; elapsed = 00:00:15 . Memory (MB): peak = 1652.773 ; gain = 93.313

Phase 6 Post Hold Fix

Phase 6.1 Hold Fix Iter

Phase 6.1.1 Update Timing
Phase 6.1.1 Update Timing | Checksum: e2480134

Time (s): cpu = 00:00:17 ; elapsed = 00:00:15 . Memory (MB): peak = 1652.773 ; gain = 93.313
INFO: [Route 35-416] Intermediate Timing Summary | WNS=5.469  | TNS=0.000  | WHS=0.215  | THS=0.000  |

Phase 6.1 Hold Fix Iter | Checksum: e2480134

Time (s): cpu = 00:00:17 ; elapsed = 00:00:15 . Memory (MB): peak = 1652.773 ; gain = 93.313
Phase 6 Post Hold Fix | Checksum: e2480134

Time (s): cpu = 00:00:17 ; elapsed = 00:00:15 . Memory (MB): peak = 1652.773 ; gain = 93.313

Phase 7 Route finalize

Router Utilization Summary
  Global Vertical Routing Utilization    = 0.0441681 %
  Global Horizontal Routing Utilization  = 0.0702759 %
  Routable Net Status*
  *Does not include unroutable nets such as driverless and loadless.
  Run report_route_status for detailed report.
  Number of Failed Nets               = 0
    (Failed Nets is the sum of unrouted and partially routed nets)
  Number of Unrouted Nets             = 0
  Number of Partially Routed Nets     = 0
  Number of Node Overlaps             = 0

Phase 7 Route finalize | Checksum: 182e9c459

Time (s): cpu = 00:00:17 ; elapsed = 00:00:15 . Memory (MB): peak = 1652.773 ; gain = 93.313

Phase 8 Verifying routed nets

 Verification completed successfully
Phase 8 Verifying routed nets | Checksum: 182e9c459

Time (s): cpu = 00:00:17 ; elapsed = 00:00:15 . Memory (MB): peak = 1653.699 ; gain = 94.238

Phase 9 Depositing Routes
Phase 9 Depositing Routes | Checksum: 1b0b4662d

Time (s): cpu = 00:00:17 ; elapsed = 00:00:15 . Memory (MB): peak = 1653.699 ; gain = 94.238

Phase 10 Post Router Timing
INFO: [Route 35-57] Estimated Timing Summary | WNS=5.469  | TNS=0.000  | WHS=0.215  | THS=0.000  |

INFO: [Route 35-327] The final timing numbers are based on the router estimated timing analysis. For a complete and accurate timing signoff, please run report_timing_summary.
Phase 10 Post Router Timing | Checksum: 1b0b4662d

Time (s): cpu = 00:00:17 ; elapsed = 00:00:15 . Memory (MB): peak = 1653.699 ; gain = 94.238
INFO: [Route 35-16] Router Completed Successfully

Time (s): cpu = 00:00:17 ; elapsed = 00:00:15 . Memory (MB): peak = 1653.699 ; gain = 94.238

Routing Is Done.
INFO: [Common 17-83] Releasing license: Implementation
82 Infos, 4 Warnings, 4 Critical Warnings and 0 Errors encountered.
route_design completed successfully
route_design: Time (s): cpu = 00:00:18 ; elapsed = 00:00:16 . Memory (MB): peak = 1653.699 ; gain = 103.254
INFO: [Timing 38-480] Writing timing data to binary archive.
Writing placer database...
Writing XDEF routing.
Writing XDEF routing logical nets.
Writing XDEF routing special nets.
Write XDEF Complete: Time (s): cpu = 00:00:00 ; elapsed = 00:00:00.047 . Memory (MB): peak = 1663.555 ; gain = 9.855
INFO: [Common 17-1381] The checkpoint 'D:/Hardware logic Design Analysis/Prac 3/Prac 3/Prac 3.runs/impl_1/Task_2_routed.dcp' has been generated.
INFO: [runtcl-4] Executing : report_drc -file Task_2_drc_routed.rpt -pb Task_2_drc_routed.pb -rpx Task_2_drc_routed.rpx
Command: report_drc -file Task_2_drc_routed.rpt -pb Task_2_drc_routed.pb -rpx Task_2_drc_routed.rpx
INFO: [IP_Flow 19-1839] IP Catalog is up to date.
INFO: [DRC 23-27] Running DRC with 2 threads
INFO: [Coretcl 2-168] The results of DRC are in file D:/Hardware logic Design Analysis/Prac 3/Prac 3/Prac 3.runs/impl_1/Task_2_drc_routed.rpt.
report_drc completed successfully
INFO: [runtcl-4] Executing : report_methodology -file Task_2_methodology_drc_routed.rpt -pb Task_2_methodology_drc_routed.pb -rpx Task_2_methodology_drc_routed.rpx
Command: report_methodology -file Task_2_methodology_drc_routed.rpt -pb Task_2_methodology_drc_routed.pb -rpx Task_2_methodology_drc_routed.rpx
INFO: [Timing 38-35] Done setting XDC timing constraints.
INFO: [DRC 23-133] Running Methodology with 2 threads
INFO: [Coretcl 2-1520] The results of Report Methodology are in file D:/Hardware logic Design Analysis/Prac 3/Prac 3/Prac 3.runs/impl_1/Task_2_methodology_drc_routed.rpt.
report_methodology completed successfully
INFO: [runtcl-4] Executing : report_power -file Task_2_power_routed.rpt -pb Task_2_power_summary_routed.pb -rpx Task_2_power_routed.rpx
Command: report_power -file Task_2_power_routed.rpt -pb Task_2_power_summary_routed.pb -rpx Task_2_power_routed.rpx
INFO: [Timing 38-35] Done setting XDC timing constraints.
Running Vector-less Activity Propagation...

Finished Running Vector-less Activity Propagation
94 Infos, 4 Warnings, 4 Critical Warnings and 0 Errors encountered.
report_power completed successfully
INFO: [runtcl-4] Executing : report_route_status -file Task_2_route_status.rpt -pb Task_2_route_status.pb
INFO: [runtcl-4] Executing : report_timing_summary -max_paths 10 -file Task_2_timing_summary_routed.rpt -pb Task_2_timing_summary_routed.pb -rpx Task_2_timing_summary_routed.rpx -warn_on_violation 
INFO: [Timing 38-91] UpdateTimingParams: Speed grade: -1, Delay Type: min_max.
INFO: [Timing 38-191] Multithreading enabled for timing update using a maximum of 2 CPUs
INFO: [runtcl-4] Executing : report_incremental_reuse -file Task_2_incremental_reuse_routed.rpt
INFO: [Vivado_Tcl 4-1062] Incremental flow is disabled. No incremental reuse Info to report.
INFO: [runtcl-4] Executing : report_clock_utilization -file Task_2_clock_utilization_routed.rpt
INFO: [runtcl-4] Executing : report_bus_skew -warn_on_violation -file Task_2_bus_skew_routed.rpt -pb Task_2_bus_skew_routed.pb -rpx Task_2_bus_skew_routed.rpx
INFO: [Timing 38-91] UpdateTimingParams: Speed grade: -1, Delay Type: min_max.
INFO: [Timing 38-191] Multithreading enabled for timing update using a maximum of 2 CPUs
INFO: [Common 17-206] Exiting Vivado at Wed Sep 23 12:28:44 2020...

*** Running vivado
    with args -log Task_2.vdi -applog -m64 -product Vivado -messageDb vivado.pb -mode batch -source Task_2.tcl -notrace



****** Vivado v2020.1 (64-bit)
  **** SW Build 2902540 on Wed May 27 19:54:49 MDT 2020
  **** IP Build 2902112 on Wed May 27 22:43:36 MDT 2020
    ** Copyright 1986-2020 Xilinx, Inc. All Rights Reserved.

source Task_2.tcl -notrace
Command: open_checkpoint Task_2_routed.dcp

Starting open_checkpoint Task

Time (s): cpu = 00:00:00 ; elapsed = 00:00:00.039 . Memory (MB): peak = 1034.965 ; gain = 0.000
INFO: [Device 21-403] Loading part xc7a35tcpg236-1
Netlist sorting complete. Time (s): cpu = 00:00:00 ; elapsed = 00:00:00.002 . Memory (MB): peak = 1034.965 ; gain = 0.000
INFO: [Netlist 29-17] Analyzing 24 Unisim elements for replacement
INFO: [Netlist 29-28] Unisim Transformation completed in 0 CPU seconds
INFO: [Project 1-479] Netlist was created with Vivado 2020.1
INFO: [Project 1-570] Preparing netlist for logic optimization
INFO: [Timing 38-478] Restoring timing data from binary archive.
INFO: [Timing 38-479] Binary timing data restore complete.
INFO: [Project 1-856] Restoring constraints from binary archive.
INFO: [Project 1-853] Binary constraint restore complete.
Reading XDEF placement.
Reading placer database...
Reading XDEF routing.
Read XDEF File: Time (s): cpu = 00:00:00 ; elapsed = 00:00:00.098 . Memory (MB): peak = 1305.227 ; gain = 6.598
Restored from archive | CPU: 0.000000 secs | Memory: 0.000000 MB |
Finished XDEF File Restore: Time (s): cpu = 00:00:00 ; elapsed = 00:00:00.098 . Memory (MB): peak = 1305.227 ; gain = 6.598
Netlist sorting complete. Time (s): cpu = 00:00:00 ; elapsed = 00:00:00 . Memory (MB): peak = 1305.227 ; gain = 0.000
INFO: [Project 1-111] Unisim Transformation Summary:
No Unisim elements were transformed.

INFO: [Project 1-604] Checkpoint was created with Vivado v2020.1 (64-bit) build 2902540
open_checkpoint: Time (s): cpu = 00:00:14 ; elapsed = 00:00:16 . Memory (MB): peak = 1305.227 ; gain = 280.008
Command: write_bitstream -force Task_2.bit
Attempting to get a license for feature 'Implementation' and/or device 'xc7a35t'
INFO: [Common 17-349] Got license for feature 'Implementation' and/or device 'xc7a35t'
Running DRC as a precondition to command write_bitstream
INFO: [IP_Flow 19-234] Refreshing IP repositories
INFO: [IP_Flow 19-1704] No user IP repositories specified
INFO: [IP_Flow 19-2313] Loaded Vivado IP repository 'D:/Vivado/2020.1/data/ip'.
INFO: [DRC 23-27] Running DRC with 2 threads
WARNING: [DRC CFGBVS-1] Missing CFGBVS and CONFIG_VOLTAGE Design Properties: Neither the CFGBVS nor CONFIG_VOLTAGE voltage property is set in the current_design.  Configuration bank voltage select (CFGBVS) must be set to VCCO or GND, and CONFIG_VOLTAGE must be set to the correct configuration voltage, in order to determine the I/O voltage support for the pins in bank 0.  It is suggested to specify these either using the 'Edit Device Properties' function in the GUI or directly in the XDC file using the following syntax:

 set_property CFGBVS value1 [current_design]
 #where value1 is either VCCO or GND

 set_property CONFIG_VOLTAGE value2 [current_design]
 #where value2 is the voltage provided to configuration bank 0

Refer to the device configuration user guide for more information.
INFO: [Vivado 12-3199] DRC finished with 0 Errors, 1 Warnings
INFO: [Vivado 12-3200] Please refer to the DRC report (report_drc) for more information.
INFO: [Designutils 20-2272] Running write_bitstream with 2 threads.
Loading data files...
Loading site data...
Loading route data...
Processing options...
Creating bitmap...
Creating bitstream...
Writing bitstream ./Task_2.bit...
INFO: [Vivado 12-1842] Bitgen Completed Successfully.
INFO: [Project 1-120] WebTalk data collection is mandatory when using a WebPACK part without a full Vivado license. To see the specific WebTalk data collected for your design, open the usage_statistics_webtalk.html or usage_statistics_webtalk.xml file in the implementation directory.
Access is denied.
Access is denied.
INFO: [Common 17-83] Releasing license: Implementation
22 Infos, 1 Warnings, 0 Critical Warnings and 0 Errors encountered.
write_bitstream completed successfully
write_bitstream: Time (s): cpu = 00:00:11 ; elapsed = 00:00:11 . Memory (MB): peak = 1766.367 ; gain = 461.141
INFO: [Common 17-206] Exiting Vivado at Wed Sep 23 12:29:32 2020...
