#-----------------------------------------------------------
# Vivado v2020.1 (64-bit)
# SW Build 2902540 on Wed May 27 19:54:49 MDT 2020
# IP Build 2902112 on Wed May 27 22:43:36 MDT 2020
# Start of session at: Thu Sep 10 15:04:31 2020
# Process ID: 15248
# Current directory: D:/Hardware logic Design Analysis/Prac 1/Prac 1 - Thulani
# Command line: vivado.exe -gui_launcher_event rodinguilauncherevent14456 D:\Hardware logic Design Analysis\Prac 1\Prac 1 - Thulani\Prac 1 - Thulani.xpr
# Log file: D:/Hardware logic Design Analysis/Prac 1/Prac 1 - Thulani/vivado.log
# Journal file: D:/Hardware logic Design Analysis/Prac 1/Prac 1 - Thulani\vivado.jou
#-----------------------------------------------------------
start_gui
open_project {D:/Hardware logic Design Analysis/Prac 1/Prac 1 - Thulani/Prac 1 - Thulani.xpr}
Scanning sources...
Finished scanning sources
INFO: [IP_Flow 19-234] Refreshing IP repositories
INFO: [IP_Flow 19-1704] No user IP repositories specified
INFO: [IP_Flow 19-2313] Loaded Vivado IP repository 'D:/Vivado/2020.1/data/ip'.
update_compile_order -fileset sources_1
exit
INFO: [Common 17-206] Exiting Vivado at Thu Sep 10 15:04:51 2020...
